Dec-23 01:32:32.263 [main] DEBUG nextflow.cli.Launcher - $> nextflow run main.nf -resume
Dec-23 01:32:32.449 [main] DEBUG nextflow.cli.CmdRun - N E X T F L O W  ~  version 25.10.2
Dec-23 01:32:32.486 [main] DEBUG nextflow.plugin.PluginsFacade - Setting up plugin manager > mode=prod; embedded=false; plugins-dir=/home/aneesaabbas/.nextflow/plugins; core-plugins: nf-amazon@3.4.2,nf-azure@1.20.2,nf-cloudcache@0.5.0,nf-codecommit@0.5.0,nf-console@1.3.0,nf-google@1.23.3,nf-k8s@1.2.2,nf-tower@1.17.3,nf-wave@1.16.1
Dec-23 01:32:32.536 [main] INFO  o.pf4j.DefaultPluginStatusProvider - Enabled plugins: []
Dec-23 01:32:32.539 [main] INFO  o.pf4j.DefaultPluginStatusProvider - Disabled plugins: []
Dec-23 01:32:32.544 [main] INFO  org.pf4j.DefaultPluginManager - PF4J version 3.12.0 in 'deployment' mode
Dec-23 01:32:32.575 [main] DEBUG nextflow.util.RetryConfig - Missing nextflow session - using default retry config
Dec-23 01:32:32.862 [main] INFO  org.pf4j.AbstractPluginManager - No plugins
Dec-23 01:32:32.915 [main] DEBUG nextflow.config.ConfigBuilder - Found config local: /mnt/d/liver-omics-ai-pipeline/nextflow.config
Dec-23 01:32:32.921 [main] DEBUG nextflow.config.ConfigBuilder - Parsing config file: /mnt/d/liver-omics-ai-pipeline/nextflow.config
Dec-23 01:32:32.973 [main] DEBUG nextflow.config.ConfigBuilder - Applying config profile: `standard`
Dec-23 01:32:33.593 [main] DEBUG nextflow.plugin.PluginsFacade - Plugins default=[]
Dec-23 01:32:33.594 [main] DEBUG nextflow.plugin.PluginsFacade - Plugins resolved requirement=[]
Dec-23 01:32:33.627 [main] DEBUG n.secret.LocalSecretsProvider - Secrets store: /home/aneesaabbas/.nextflow/secrets/store.json
Dec-23 01:32:33.632 [main] DEBUG nextflow.secret.SecretsLoader - Discovered secrets providers: [nextflow.secret.LocalSecretsProvider@6e43ddd6] - activable => nextflow.secret.LocalSecretsProvider@6e43ddd6
Dec-23 01:32:33.653 [main] DEBUG nextflow.cli.CmdRun - Applied DSL=2 from script declaration
Dec-23 01:32:33.689 [main] DEBUG nextflow.cli.CmdRun - Launching `main.nf` [high_baekeland] DSL2 - revision: e71da5842a
Dec-23 01:32:33.805 [main] DEBUG nextflow.Session - Session UUID: d0d82882-f21d-4333-9bb8-17810f111cc5
Dec-23 01:32:33.806 [main] DEBUG nextflow.Session - Run name: high_baekeland
Dec-23 01:32:33.806 [main] DEBUG nextflow.Session - Executor pool size: 8
Dec-23 01:32:33.822 [main] DEBUG nextflow.file.FilePorter - File porter settings maxRetries=3; maxTransfers=50; pollTimeout=null
Dec-23 01:32:33.835 [main] DEBUG nextflow.util.ThreadPoolBuilder - Creating thread pool 'FileTransfer' minSize=10; maxSize=24; workQueue=LinkedBlockingQueue[-1]; allowCoreThreadTimeout=false
Dec-23 01:32:33.888 [main] DEBUG nextflow.cli.CmdRun - 
  Version: 25.10.2 build 10555
  Created: 28-11-2025 19:24 UTC (22:24 ADT)
  System: Linux 5.15.167.4-microsoft-standard-WSL2
  Runtime: Groovy 4.0.28 on OpenJDK 64-Bit Server VM 17.0.17+10-Ubuntu-122.04
  Encoding: UTF-8 (UTF-8)
  Process: 33384@DESKTOP-7K8D8LI [127.0.1.1]
  CPUs: 8 - Mem: 11.6 GB (10.2 GB) - Swap: 3 GB (3 GB)
Dec-23 01:32:33.969 [main] DEBUG nextflow.Session - Work-dir: /mnt/d/liver-omics-ai-pipeline/work [v9fs]
Dec-23 01:32:33.971 [main] DEBUG nextflow.Session - Script base path does not exist or is not a directory: /mnt/d/liver-omics-ai-pipeline/bin
Dec-23 01:32:33.985 [main] DEBUG nextflow.executor.ExecutorFactory - Extension executors providers=[]
Dec-23 01:32:34.002 [main] DEBUG nextflow.Session - Observer factory (v2): LinObserverFactory
Dec-23 01:32:34.006 [main] DEBUG nextflow.Session - Observer factory (v2): DefaultObserverFactory
Dec-23 01:32:34.101 [main] DEBUG nextflow.cache.CacheFactory - Using Nextflow cache factory: nextflow.cache.DefaultCacheFactory
Dec-23 01:32:34.120 [main] DEBUG nextflow.util.CustomThreadPool - Creating default thread pool > poolSize: 9; maxThreads: 1000
Dec-23 01:32:34.423 [main] DEBUG nextflow.Session - Session start
Dec-23 01:32:35.106 [main] DEBUG nextflow.script.ScriptRunner - > Launching execution
Dec-23 01:32:35.335 [main] DEBUG nextflow.executor.ExecutorFactory - << taskConfig executor: null
Dec-23 01:32:35.336 [main] DEBUG nextflow.executor.ExecutorFactory - >> processorType: 'local'
Dec-23 01:32:35.350 [main] DEBUG nextflow.executor.Executor - [warm up] executor > local
Dec-23 01:32:35.360 [main] DEBUG n.processor.LocalPollingMonitor - Creating local task monitor for executor 'local' > cpus=8; memory=11.6 GB; capacity=8; pollInterval=100ms; dumpInterval=5m
Dec-23 01:32:35.364 [main] DEBUG n.processor.TaskPollingMonitor - >>> barrier register (monitor: local)
Dec-23 01:32:35.400 [main] DEBUG nextflow.processor.TaskProcessor - Creating process 'PREPARE_DATA': maxForks=0; fair=false; array=0
Dec-23 01:32:35.493 [main] DEBUG nextflow.executor.ExecutorFactory - << taskConfig executor: null
Dec-23 01:32:35.493 [main] DEBUG nextflow.executor.ExecutorFactory - >> processorType: 'local'
Dec-23 01:32:35.495 [main] DEBUG nextflow.processor.TaskProcessor - Creating process 'QC_PCA': maxForks=0; fair=false; array=0
Dec-23 01:32:35.504 [main] DEBUG nextflow.executor.ExecutorFactory - << taskConfig executor: null
Dec-23 01:32:35.505 [main] DEBUG nextflow.executor.ExecutorFactory - >> processorType: 'local'
Dec-23 01:32:35.506 [main] DEBUG nextflow.processor.TaskProcessor - Creating process 'DESEQ2': maxForks=0; fair=false; array=0
Dec-23 01:32:35.519 [main] DEBUG nextflow.executor.ExecutorFactory - << taskConfig executor: null
Dec-23 01:32:35.519 [main] DEBUG nextflow.executor.ExecutorFactory - >> processorType: 'local'
Dec-23 01:32:35.521 [main] DEBUG nextflow.processor.TaskProcessor - Creating process 'MAKE_HEATMAP': maxForks=0; fair=false; array=0
Dec-23 01:32:35.532 [main] DEBUG nextflow.executor.ExecutorFactory - << taskConfig executor: null
Dec-23 01:32:35.532 [main] DEBUG nextflow.executor.ExecutorFactory - >> processorType: 'local'
Dec-23 01:32:35.533 [main] DEBUG nextflow.processor.TaskProcessor - Creating process 'ANNOT_ENRICH': maxForks=0; fair=false; array=0
Dec-23 01:32:35.546 [main] DEBUG nextflow.executor.ExecutorFactory - << taskConfig executor: null
Dec-23 01:32:35.546 [main] DEBUG nextflow.executor.ExecutorFactory - >> processorType: 'local'
Dec-23 01:32:35.547 [main] DEBUG nextflow.processor.TaskProcessor - Creating process 'ML': maxForks=0; fair=false; array=0
Dec-23 01:32:35.558 [main] DEBUG nextflow.Session - Workflow process names [dsl2]: QC_PCA, ANNOT_ENRICH, PREPARE_DATA, DESEQ2, MAKE_HEATMAP, ML
Dec-23 01:32:35.562 [main] DEBUG nextflow.Session - Igniting dataflow network (6)
Dec-23 01:32:35.564 [main] DEBUG nextflow.processor.TaskProcessor - Starting process > PREPARE_DATA
Dec-23 01:32:35.566 [main] DEBUG nextflow.processor.TaskProcessor - Starting process > QC_PCA
Dec-23 01:32:35.567 [main] DEBUG nextflow.processor.TaskProcessor - Starting process > DESEQ2
Dec-23 01:32:35.568 [main] DEBUG nextflow.processor.TaskProcessor - Starting process > MAKE_HEATMAP
Dec-23 01:32:35.569 [main] DEBUG nextflow.processor.TaskProcessor - Starting process > ANNOT_ENRICH
Dec-23 01:32:35.570 [main] DEBUG nextflow.processor.TaskProcessor - Starting process > ML
Dec-23 01:32:35.572 [main] DEBUG nextflow.script.ScriptRunner - Parsed script files:
  Script_3594e96efd9fc313: /mnt/d/liver-omics-ai-pipeline/main.nf
Dec-23 01:32:35.572 [main] DEBUG nextflow.script.ScriptRunner - > Awaiting termination 
Dec-23 01:32:35.573 [main] DEBUG nextflow.Session - Session await
Dec-23 01:32:35.828 [Actor Thread 8] INFO  nextflow.processor.TaskProcessor - [c0/19fa81] Cached process > PREPARE_DATA (prepare_data)
Dec-23 01:32:35.879 [Actor Thread 8] DEBUG nextflow.util.ThreadPoolBuilder - Creating thread pool 'PublishDir' minSize=10; maxSize=24; workQueue=LinkedBlockingQueue[-1]; allowCoreThreadTimeout=false
Dec-23 01:32:35.910 [Actor Thread 6] INFO  nextflow.processor.TaskProcessor - [64/f3c31f] Cached process > QC_PCA (qc_pca)
Dec-23 01:32:35.916 [Actor Thread 4] INFO  nextflow.processor.TaskProcessor - [b0/1051c5] Cached process > DESEQ2 (deseq2)
Dec-23 01:32:35.984 [Actor Thread 10] INFO  nextflow.processor.TaskProcessor - [26/90e55e] Cached process > MAKE_HEATMAP (heatmap)
Dec-23 01:32:36.043 [Actor Thread 4] INFO  nextflow.processor.TaskProcessor - [e4/168731] Cached process > ML (ml)
Dec-23 01:32:36.062 [Task submitter] DEBUG n.executor.local.LocalTaskHandler - Launch cmd line: /bin/bash -ue .command.run
Dec-23 01:32:36.065 [Task submitter] INFO  nextflow.Session - [0e/c29be2] Submitted process > ANNOT_ENRICH (annot_enrich)
Dec-23 01:33:19.843 [Task monitor] DEBUG n.processor.TaskPollingMonitor - Task completed > TaskHandler[id: 4; name: ANNOT_ENRICH (annot_enrich); status: COMPLETED; exit: 1; error: -; workDir: /mnt/d/liver-omics-ai-pipeline/work/0e/c29be2cba99f058b163975f503511e]
Dec-23 01:33:19.846 [Task monitor] DEBUG nextflow.util.ThreadPoolBuilder - Creating thread pool 'TaskFinalizer' minSize=10; maxSize=24; workQueue=LinkedBlockingQueue[-1]; allowCoreThreadTimeout=false
Dec-23 01:33:19.870 [TaskFinalizer-1] DEBUG nextflow.processor.TaskProcessor - Handling unexpected condition for
  task: name=ANNOT_ENRICH (annot_enrich); work-dir=/mnt/d/liver-omics-ai-pipeline/work/0e/c29be2cba99f058b163975f503511e
  error [nextflow.exception.ProcessFailedException]: Process `ANNOT_ENRICH (annot_enrich)` terminated with an error exit status (1)
Dec-23 01:33:19.930 [TaskFinalizer-1] ERROR nextflow.processor.TaskProcessor - Error executing process > 'ANNOT_ENRICH (annot_enrich)'

Caused by:
  Process `ANNOT_ENRICH (annot_enrich)` terminated with an error exit status (1)


Command executed:

  Rscript /mnt/d/liver-omics-ai-pipeline/pipeline/scripts/05_annot_enrich.R deseq2_results.tsv .

Command exit status:
  1

Command output:
  Using PKG_CFLAGS=
  Using PKG_LIBS=-lfontconfig -lfreetype
  --------------------------- [ANTICONF] --------------------------------
  Configuration failed to find the fontconfig freetype2 library. Try installing:
   * deb: libfontconfig1-dev (Debian, Ubuntu, etc)
   * rpm: fontconfig-devel (Fedora, EPEL)
   * csw: fontconfig_dev (Solaris)
   * brew: freetype (OSX)
  If fontconfig freetype2 is already installed, check that 'pkg-config' is in your
  PATH and PKG_CONFIG_PATH contains a fontconfig freetype2.pc file. If pkg-config
  is unavailable you can set INCLUDE_DIR and LIB_DIR manually via:
  R CMD INSTALL --configure-vars='INCLUDE_DIR=... LIB_DIR=...'
  -------------------------- [ERROR MESSAGE] ---------------------------
  <stdin>:1:10: fatal error: fontconfig/fontconfig.h: No such file or directory
  compilation terminated.
  --------------------------------------------------------------------
  g++ -std=gnu++11 -I"/usr/share/R/include" -DNDEBUG  -I'/home/aneesaabbas/R/x86_64-pc-linux-gnu-library/4.1/Rcpp/include' -I'/home/aneesaabbas/R/x86_64-pc-linux-gnu-library/4.1/BH/include'    -fpic  -g -O2 -ffile-prefix-map=/build/r-base-4A2Reg/r-base-4.1.2=. -fstack-protector-strong -Wformat -Werror=format-security -Wdate-time -D_FORTIFY_SOURCE=2 -g  -c RcppExports.cpp -o RcppExports.o
  g++ -std=gnu++11 -I"/usr/share/R/include" -DNDEBUG  -I'/home/aneesaabbas/R/x86_64-pc-linux-gnu-library/4.1/Rcpp/include' -I'/home/aneesaabbas/R/x86_64-pc-linux-gnu-library/4.1/BH/include'    -fpic  -g -O2 -ffile-prefix-map=/build/r-base-4A2Reg/r-base-4.1.2=. -fstack-protector-strong -Wformat -Werror=format-security -Wdate-time -D_FORTIFY_SOURCE=2 -g  -c esCalculation.cpp -o esCalculation.o
  g++ -std=gnu++11 -I"/usr/share/R/include" -DNDEBUG  -I'/home/aneesaabbas/R/x86_64-pc-linux-gnu-library/4.1/Rcpp/include' -I'/home/aneesaabbas/R/x86_64-pc-linux-gnu-library/4.1/BH/include'    -fpic  -g -O2 -ffile-prefix-map=/build/r-base-4A2Reg/r-base-4.1.2=. -fstack-protector-strong -Wformat -Werror=format-security -Wdate-time -D_FORTIFY_SOURCE=2 -g  -c fastGSEA.cpp -o fastGSEA.o
  g++ -std=gnu++11 -I"/usr/share/R/include" -DNDEBUG  -I'/home/aneesaabbas/R/x86_64-pc-linux-gnu-library/4.1/Rcpp/include' -I'/home/aneesaabbas/R/x86_64-pc-linux-gnu-library/4.1/BH/include'    -fpic  -g -O2 -ffile-prefix-map=/build/r-base-4A2Reg/r-base-4.1.2=. -fstack-protector-strong -Wformat -Werror=format-security -Wdate-time -D_FORTIFY_SOURCE=2 -g  -c fgseaMultilevel.cpp -o fgseaMultilevel.o

Command error:
                   from fgseaMultilevelSupplement.h:9,
                   from fgseaMultilevel.cpp:2:
  /home/aneesaabbas/R/x86_64-pc-linux-gnu-library/4.1/BH/include/boost/math/special_functions/math_fwd.hpp:639:61: error: ‘boost::math::enable_if_t’ has not been declared
    639 |    template <class T1, class T2, class Policy, boost::math::enable_if_t<policies::is_policy_v<Policy>, bool> = true>
        |                                                             ^~~~~~~~~~~
  /home/aneesaabbas/R/x86_64-pc-linux-gnu-library/4.1/BH/include/boost/math/special_functions/math_fwd.hpp:639:72: error: expected ‘>’ before ‘<’ token
    639 |    template <class T1, class T2, class Policy, boost::math::enable_if_t<policies::is_policy_v<Policy>, bool> = true>
        |                                                                        ^
  /home/aneesaabbas/R/x86_64-pc-linux-gnu-library/4.1/BH/include/boost/math/special_functions/math_fwd.hpp:643:57: error: ‘boost::math::enable_if_t’ has not been declared
    643 |    template <class T1, class T2, class T3, boost::math::enable_if_t<!policies::is_policy_v<T3>, bool> = true>
        |                                                         ^~~~~~~~~~~
  /home/aneesaabbas/R/x86_64-pc-linux-gnu-library/4.1/BH/include/boost/math/special_functions/math_fwd.hpp:643:68: error: expected ‘>’ before ‘<’ token
    643 |    template <class T1, class T2, class T3, boost::math::enable_if_t<!policies::is_policy_v<T3>, bool> = true>
        |                                                                    ^
  make: *** [/usr/lib/R/etc/Makeconf:177: fgseaMultilevel.o] Error 1
  ERROR: compilation failed for package ‘fgsea’
  * removing ‘/home/aneesaabbas/R/x86_64-pc-linux-gnu-library/4.1/fgsea’
  ERROR: dependency ‘systemfonts’ is not available for package ‘gdtools’
  * removing ‘/home/aneesaabbas/R/x86_64-pc-linux-gnu-library/4.1/gdtools’
  ERROR: dependency ‘systemfonts’ is not available for package ‘ggforce’
  * removing ‘/home/aneesaabbas/R/x86_64-pc-linux-gnu-library/4.1/ggforce’
  ERROR: dependency ‘tidytree’ is not available for package ‘treeio’
  * removing ‘/home/aneesaabbas/R/x86_64-pc-linux-gnu-library/4.1/treeio’
  ERROR: dependencies ‘ggfun’, ‘ggplotify’, ‘yulab.utils’ are not available for package ‘aplot’
  * removing ‘/home/aneesaabbas/R/x86_64-pc-linux-gnu-library/4.1/aplot’
  ERROR: dependency ‘fgsea’ is not available for package ‘DOSE’
  * removing ‘/home/aneesaabbas/R/x86_64-pc-linux-gnu-library/4.1/DOSE’
  ERROR: dependencies ‘gdtools’, ‘systemfonts’ are not available for package ‘ggiraph’
  * removing ‘/home/aneesaabbas/R/x86_64-pc-linux-gnu-library/4.1/ggiraph’
  ERROR: dependency ‘ggforce’ is not available for package ‘ggraph’
  * removing ‘/home/aneesaabbas/R/x86_64-pc-linux-gnu-library/4.1/ggraph’
  ERROR: dependencies ‘ggforce’, ‘ggfun’, ‘yulab.utils’ are not available for package ‘scatterpie’
  * removing ‘/home/aneesaabbas/R/x86_64-pc-linux-gnu-library/4.1/scatterpie’
  ERROR: dependencies ‘aplot’, ‘ggfun’, ‘yulab.utils’, ‘tidytree’, ‘treeio’ are not available for package ‘ggtree’
  * removing ‘/home/aneesaabbas/R/x86_64-pc-linux-gnu-library/4.1/ggtree’
  ERROR: dependency ‘ggiraph’ is not available for package ‘shadowtext’
  * removing ‘/home/aneesaabbas/R/x86_64-pc-linux-gnu-library/4.1/shadowtext’
  ERROR: dependencies ‘aplot’, ‘DOSE’, ‘ggraph’, ‘scatterpie’, ‘shadowtext’, ‘ggtree’, ‘yulab.utils’ are not available for package ‘enrichplot’
  * removing ‘/home/aneesaabbas/R/x86_64-pc-linux-gnu-library/4.1/enrichplot’
  ERROR: dependencies ‘DOSE’, ‘enrichplot’, ‘yulab.utils’ are not available for package ‘clusterProfiler’
  * removing ‘/home/aneesaabbas/R/x86_64-pc-linux-gnu-library/4.1/clusterProfiler’
  
  The downloaded source packages are in
  	‘/tmp/RtmpuftQ8x/downloaded_packages’
  
  There were 16 warnings (use warnings() to see them)
  Error in library(clusterProfiler) : 
    there is no package called ‘clusterProfiler’
  Calls: suppressPackageStartupMessages -> withCallingHandlers -> library
  Execution halted

Work dir:
  /mnt/d/liver-omics-ai-pipeline/work/0e/c29be2cba99f058b163975f503511e

Tip: view the complete command output by changing to the process work dir and entering the command `cat .command.out`
Dec-23 01:33:19.943 [main] DEBUG nextflow.Session - Session await > all processes finished
Dec-23 01:33:19.956 [TaskFinalizer-1] DEBUG nextflow.Session - Session aborted -- Cause: Process `ANNOT_ENRICH (annot_enrich)` terminated with an error exit status (1)
Dec-23 01:33:19.965 [Task monitor] DEBUG n.processor.TaskPollingMonitor - <<< barrier arrives (monitor: local) - terminating tasks monitor poll loop
Dec-23 01:33:19.966 [main] DEBUG nextflow.Session - Session await > all barriers passed
Dec-23 01:33:20.000 [TaskFinalizer-1] DEBUG n.trace.WorkflowStatsObserver - Workflow completed > WorkflowStats[succeededCount=0; failedCount=1; ignoredCount=0; cachedCount=5; pendingCount=0; submittedCount=0; runningCount=0; retriesCount=0; abortedCount=0; succeedDuration=0ms; failedDuration=43.8s; cachedDuration=1m 16s;loadCpus=0; loadMemory=0; peakRunning=1; peakCpus=1; peakMemory=0; ]
Dec-23 01:33:20.000 [main] DEBUG n.trace.WorkflowStatsObserver - Workflow completed > WorkflowStats[succeededCount=0; failedCount=1; ignoredCount=0; cachedCount=5; pendingCount=0; submittedCount=0; runningCount=0; retriesCount=0; abortedCount=0; succeedDuration=0ms; failedDuration=43.8s; cachedDuration=1m 16s;loadCpus=0; loadMemory=0; peakRunning=1; peakCpus=1; peakMemory=0; ]
Dec-23 01:33:20.002 [TaskFinalizer-1] DEBUG nextflow.Session - null
java.lang.InterruptedException: null
	at java.base/java.lang.Object.wait(Native Method)
	at java.base/java.lang.Thread.join(Thread.java:1313)
	at java.base/java.lang.Thread.join(Thread.java:1381)
	at nextflow.trace.AnsiLogObserver.onFlowComplete(AnsiLogObserver.groovy:520)
	at nextflow.Session$_notifyFlowComplete_lambda39.doCall(Session.groovy:1121)
	at nextflow.Session.notifyEvent(Session.groovy:1151)
	at nextflow.Session.notifyFlowComplete(Session.groovy:1121)
	at nextflow.Session.shutdown0(Session.groovy:779)
	at nextflow.Session.abort(Session.groovy:834)
	at nextflow.Session.fault(Session.groovy:796)
	at nextflow.processor.TaskPollingMonitor.finalizeTask(TaskPollingMonitor.groovy:753)
	at nextflow.processor.TaskPollingMonitor.safeFinalizeTask(TaskPollingMonitor.groovy:736)
	at java.base/jdk.internal.reflect.NativeMethodAccessorImpl.invoke0(Native Method)
	at java.base/jdk.internal.reflect.NativeMethodAccessorImpl.invoke(NativeMethodAccessorImpl.java:77)
	at java.base/jdk.internal.reflect.DelegatingMethodAccessorImpl.invoke(DelegatingMethodAccessorImpl.java:43)
	at java.base/java.lang.reflect.Method.invoke(Method.java:569)
	at org.codehaus.groovy.reflection.CachedMethod.invoke(CachedMethod.java:343)
	at groovy.lang.MetaMethod.doMethodInvoke(MetaMethod.java:328)
	at groovy.lang.MetaClassImpl.doInvokeMethod(MetaClassImpl.java:1339)
	at groovy.lang.MetaClassImpl.invokeMethod(MetaClassImpl.java:1094)
	at groovy.lang.MetaClassImpl.invokeMethod(MetaClassImpl.java:1007)
	at org.codehaus.groovy.runtime.InvokerHelper.invokePogoMethod(InvokerHelper.java:645)
	at org.codehaus.groovy.runtime.InvokerHelper.invokeMethod(InvokerHelper.java:628)
	at org.codehaus.groovy.runtime.InvokerHelper.invokeMethodSafe(InvokerHelper.java:82)
	at nextflow.processor.TaskPollingMonitor$_checkTaskStatus_lambda8.doCall(TaskPollingMonitor.groovy:726)
	at java.base/java.util.concurrent.Executors$RunnableAdapter.call(Executors.java:539)
	at java.base/java.util.concurrent.FutureTask.run(FutureTask.java:264)
	at java.base/java.util.concurrent.ThreadPoolExecutor.runWorker(ThreadPoolExecutor.java:1136)
	at java.base/java.util.concurrent.ThreadPoolExecutor$Worker.run(ThreadPoolExecutor.java:635)
	at java.base/java.lang.Thread.run(Thread.java:840)
Dec-23 01:33:20.192 [main] DEBUG nextflow.cache.CacheDB - Closing CacheDB done
Dec-23 01:33:20.239 [main] DEBUG nextflow.script.ScriptRunner - > Execution complete -- Goodbye
